<?xml version="1.0" encoding="utf-8"?><testsuites><testsuite name="pytest" errors="0" failures="0" skipped="0" tests="1" time="0.212" timestamp="2023-11-15T09:50:53.021458" hostname="MiBook"><testcase classname="test.test_GitHubActions" name="test_pass" time="0.004" /></testsuite></testsuites>